#! /c/Source/iverilog-install/bin/vvp
:ivl_version "12.0 (devel)" "(s20150603-1539-g2693dd32b)";
:ivl_delay_selection "TYPICAL";
:vpi_time_precision + 0;
:vpi_module "C:\ICARUS~1\lib\ivl\system.vpi";
:vpi_module "C:\ICARUS~1\lib\ivl\vhdl_sys.vpi";
:vpi_module "C:\ICARUS~1\lib\ivl\vhdl_textio.vpi";
:vpi_module "C:\ICARUS~1\lib\ivl\v2005_math.vpi";
:vpi_module "C:\ICARUS~1\lib\ivl\va_math.vpi";
S_000001c471aa2ad0 .scope module, "print_message" "print_message" 2 1;
 .timescale 0 0;
S_000001c471aa2c60 .scope begin, "$ivl_for_loop0" "$ivl_for_loop0" 2 5, 2 5 0, S_000001c471aa2ad0;
 .timescale 0 0;
v000001c471bd8ff0_0 .var/i "i", 31 0;
    .scope S_000001c471aa2ad0;
T_0 ;
    %fork t_1, S_000001c471aa2c60;
    %jmp t_0;
    .scope S_000001c471aa2c60;
t_1 ;
    %pushi/vec4 0, 0, 32;
    %store/vec4 v000001c471bd8ff0_0, 0, 32;
T_0.0 ;
    %load/vec4 v000001c471bd8ff0_0;
    %cmpi/s 7, 0, 32;
    %jmp/0xz T_0.1, 5;
    %load/vec4 v000001c471bd8ff0_0;
    %addi 1, 0, 32;
    %vpi_call 2 6 "$display", "Hello, World! (Iteration %0d)", S<0,vec4,s32> {1 0 0};
    %load/vec4 v000001c471bd8ff0_0;
    %addi 1, 0, 32;
    %store/vec4 v000001c471bd8ff0_0, 0, 32;
    %jmp T_0.0;
T_0.1 ;
    %end;
    .scope S_000001c471aa2ad0;
t_0 %join;
    %vpi_call 2 8 "$finish" {0 0 0};
    %end;
    .thread T_0;
# The file index is used to find the file name in the following table.
:file_names 3;
    "N/A";
    "<interactive>";
    "loop7time.v";
