#! /c/Source/iverilog-install/bin/vvp
:ivl_version "12.0 (devel)" "(s20150603-1539-g2693dd32b)";
:ivl_delay_selection "TYPICAL";
:vpi_time_precision + 0;
:vpi_module "C:\ICARUS~1\lib\ivl\system.vpi";
:vpi_module "C:\ICARUS~1\lib\ivl\vhdl_sys.vpi";
:vpi_module "C:\ICARUS~1\lib\ivl\vhdl_textio.vpi";
:vpi_module "C:\ICARUS~1\lib\ivl\v2005_math.vpi";
:vpi_module "C:\ICARUS~1\lib\ivl\va_math.vpi";
S_00000283cb7d6b50 .scope module, "full_adder" "full_adder" 2 1;
 .timescale 0 0;
    .port_info 0 /INPUT 4 "a";
    .port_info 1 /INPUT 4 "b";
    .port_info 2 /INPUT 1 "c_in";
    .port_info 3 /OUTPUT 1 "c_out";
    .port_info 4 /OUTPUT 4 "sum";
L_00000283cb8368a0 .functor BUFT 1, C4<0>, C4<0>, C4<0>, C4<0>;
v00000283cb7b3400_0 .net *"_ivl_10", 0 0, L_00000283cb8368a0;  1 drivers
v00000283cb7b3090_0 .net *"_ivl_11", 4 0, L_00000283cb7e3620;  1 drivers
v00000283cb79db60_0 .net *"_ivl_13", 4 0, L_00000283cb7e3da0;  1 drivers
L_00000283cb8368e8 .functor BUFT 1, C4<0000>, C4<0>, C4<0>, C4<0>;
v00000283cb79dc00_0 .net *"_ivl_16", 3 0, L_00000283cb8368e8;  1 drivers
v00000283cb79dca0_0 .net *"_ivl_17", 4 0, L_00000283cb7e3300;  1 drivers
v00000283cb79dd40_0 .net *"_ivl_3", 4 0, L_00000283cb7e3440;  1 drivers
L_00000283cb836858 .functor BUFT 1, C4<0>, C4<0>, C4<0>, C4<0>;
v00000283cb79dde0_0 .net *"_ivl_6", 0 0, L_00000283cb836858;  1 drivers
v00000283cb79de80_0 .net *"_ivl_7", 4 0, L_00000283cb7e3e40;  1 drivers
o00000283cb7ec138 .functor BUFZ 4, C4<zzzz>; HiZ drive
v00000283cb79df20_0 .net "a", 3 0, o00000283cb7ec138;  0 drivers
o00000283cb7ec168 .functor BUFZ 4, C4<zzzz>; HiZ drive
v00000283cb7e3760_0 .net "b", 3 0, o00000283cb7ec168;  0 drivers
o00000283cb7ec198 .functor BUFZ 1, C4<z>; HiZ drive
v00000283cb7e38a0_0 .net "c_in", 0 0, o00000283cb7ec198;  0 drivers
v00000283cb7e3580_0 .net "c_out", 0 0, L_00000283cb7e3d00;  1 drivers
v00000283cb7e39e0_0 .net "sum", 3 0, L_00000283cb7e3120;  1 drivers
L_00000283cb7e3d00 .part L_00000283cb7e3300, 4, 1;
L_00000283cb7e3120 .part L_00000283cb7e3300, 0, 4;
L_00000283cb7e3440 .concat [ 4 1 0 0], o00000283cb7ec138, L_00000283cb836858;
L_00000283cb7e3e40 .concat [ 4 1 0 0], o00000283cb7ec168, L_00000283cb8368a0;
L_00000283cb7e3620 .arith/sum 5, L_00000283cb7e3440, L_00000283cb7e3e40;
L_00000283cb7e3da0 .concat [ 1 4 0 0], o00000283cb7ec198, L_00000283cb8368e8;
L_00000283cb7e3300 .arith/sum 5, L_00000283cb7e3620, L_00000283cb7e3da0;
S_00000283cb7d6ce0 .scope module, "full_adder_tb" "full_adder_tb" 2 30;
 .timescale 0 0;
v00000283cb7e34e0_0 .var "a", 3 0;
v00000283cb7e3940_0 .var "b", 3 0;
v00000283cb7e3b20_0 .var "c_in", 0 0;
v00000283cb7e3c60_0 .net "c_out", 0 0, v00000283cb7e36c0_0;  1 drivers
v00000283cb7e3080_0 .var/i "i", 31 0;
v00000283cb7e31c0_0 .net "sum", 3 0, v00000283cb7e3800_0;  1 drivers
S_00000283cb7b29c0 .scope module, "fa0" "full_adderv2" 2 39, 2 15 0, S_00000283cb7d6ce0;
 .timescale 0 0;
    .port_info 0 /INPUT 4 "a";
    .port_info 1 /INPUT 4 "b";
    .port_info 2 /INPUT 1 "c_in";
    .port_info 3 /OUTPUT 1 "c_out";
    .port_info 4 /OUTPUT 4 "sum";
v00000283cb7e3bc0_0 .net "a", 3 0, v00000283cb7e34e0_0;  1 drivers
v00000283cb7e2fe0_0 .net "b", 3 0, v00000283cb7e3940_0;  1 drivers
v00000283cb7e3a80_0 .net "c_in", 0 0, v00000283cb7e3b20_0;  1 drivers
v00000283cb7e36c0_0 .var "c_out", 0 0;
v00000283cb7e3800_0 .var "sum", 3 0;
E_00000283cb7d9ca0 .event anyedge, v00000283cb7e3a80_0, v00000283cb7e2fe0_0, v00000283cb7e3bc0_0;
    .scope S_00000283cb7b29c0;
T_0 ;
    %wait E_00000283cb7d9ca0;
    %load/vec4 v00000283cb7e3bc0_0;
    %pad/u 5;
    %load/vec4 v00000283cb7e2fe0_0;
    %pad/u 5;
    %add;
    %load/vec4 v00000283cb7e3a80_0;
    %pad/u 5;
    %add;
    %split/vec4 4;
    %store/vec4 v00000283cb7e3800_0, 0, 4;
    %store/vec4 v00000283cb7e36c0_0, 0, 1;
    %jmp T_0;
    .thread T_0, $push;
    .scope S_00000283cb7d6ce0;
T_1 ;
    %vpi_call 2 49 "$display", "TEST BENCH Combination Full Adder" {0 0 0};
    %pushi/vec4 0, 0, 4;
    %assign/vec4 v00000283cb7e34e0_0, 0;
    %pushi/vec4 0, 0, 4;
    %assign/vec4 v00000283cb7e3940_0, 0;
    %pushi/vec4 0, 0, 1;
    %assign/vec4 v00000283cb7e3b20_0, 0;
    %vpi_call 2 54 "$finish" {0 0 0};
    %end;
    .thread T_1;
    .scope S_00000283cb7d6ce0;
T_2 ;
    %vpi_call 2 63 "$monitor", "a=0x%0h b=0x%0h c_in=0x%0h c_out=0x%0h sum=0x%0h", v00000283cb7e34e0_0, v00000283cb7e3940_0, v00000283cb7e3b20_0, v00000283cb7e3c60_0, v00000283cb7e31c0_0 {0 0 0};
    %pushi/vec4 0, 0, 32;
    %store/vec4 v00000283cb7e3080_0, 0, 32;
T_2.0 ;
    %load/vec4 v00000283cb7e3080_0;
    %cmpi/s 5, 0, 32;
    %jmp/0xz T_2.1, 5;
    %delay 10, 0;
    %vpi_func 2 67 "$random" 32 {0 0 0};
    %pad/s 4;
    %assign/vec4 v00000283cb7e34e0_0, 0;
    %vpi_func 2 68 "$random" 32 {0 0 0};
    %pad/s 4;
    %assign/vec4 v00000283cb7e3940_0, 0;
    %vpi_func 2 69 "$random" 32 {0 0 0};
    %pad/s 1;
    %assign/vec4 v00000283cb7e3b20_0, 0;
    %load/vec4 v00000283cb7e3080_0;
    %addi 1, 0, 32;
    %store/vec4 v00000283cb7e3080_0, 0, 32;
    %jmp T_2.0;
T_2.1 ;
    %end;
    .thread T_2;
# The file index is used to find the file name in the following table.
:file_names 3;
    "N/A";
    "<interactive>";
    "L2.Full_adder_4bit.v";
