#! /c/Source/iverilog-install/bin/vvp
:ivl_version "12.0 (devel)" "(s20150603-1539-g2693dd32b)";
:ivl_delay_selection "TYPICAL";
:vpi_time_precision - 12;
:vpi_module "C:\ICARUS~1\lib\ivl\system.vpi";
:vpi_module "C:\ICARUS~1\lib\ivl\vhdl_sys.vpi";
:vpi_module "C:\ICARUS~1\lib\ivl\vhdl_textio.vpi";
:vpi_module "C:\ICARUS~1\lib\ivl\v2005_math.vpi";
:vpi_module "C:\ICARUS~1\lib\ivl\va_math.vpi";
S_000001532f5d88a0 .scope module, "AND_logicgate_tb" "AND_logicgate_tb" 2 9;
 .timescale -9 -12;
v000001532f5f33a0_0 .var "A", 0 0;
v000001532f5dbe40_0 .var "B", 0 0;
v000001532f5dbee0_0 .net "Y", 0 0, L_000001532f5f2dc0;  1 drivers
S_000001532f5dbcb0 .scope module, "uut" "AND_logicgate" 2 14, 2 3 0, S_000001532f5d88a0;
 .timescale -9 -12;
    .port_info 0 /INPUT 1 "A";
    .port_info 1 /INPUT 1 "B";
    .port_info 2 /OUTPUT 1 "Y";
L_000001532f5f2dc0 .functor AND 1, v000001532f5f33a0_0, v000001532f5dbe40_0, C4<1>, C4<1>;
v000001532f5f2f60_0 .net "A", 0 0, v000001532f5f33a0_0;  1 drivers
v000001532f5f3180_0 .net "B", 0 0, v000001532f5dbe40_0;  1 drivers
v000001532f5d8a30_0 .net "Y", 0 0, L_000001532f5f2dc0;  alias, 1 drivers
    .scope S_000001532f5d88a0;
T_0 ;
    %vpi_call 2 21 "$display", "TEST BENCH AND LOGIC GATE" {0 0 0};
    %vpi_call 2 22 "$display", "Time\011A\011B\011Y" {0 0 0};
    %vpi_call 2 23 "$monitor", "%g\011%b\011%b\011%b", $time, v000001532f5f33a0_0, v000001532f5dbe40_0, v000001532f5dbee0_0 {0 0 0};
    %pushi/vec4 0, 0, 1;
    %store/vec4 v000001532f5f33a0_0, 0, 1;
    %pushi/vec4 0, 0, 1;
    %store/vec4 v000001532f5dbe40_0, 0, 1;
    %delay 10000, 0;
    %pushi/vec4 0, 0, 1;
    %store/vec4 v000001532f5f33a0_0, 0, 1;
    %pushi/vec4 1, 0, 1;
    %store/vec4 v000001532f5dbe40_0, 0, 1;
    %delay 10000, 0;
    %pushi/vec4 1, 0, 1;
    %store/vec4 v000001532f5f33a0_0, 0, 1;
    %pushi/vec4 0, 0, 1;
    %store/vec4 v000001532f5dbe40_0, 0, 1;
    %delay 10000, 0;
    %pushi/vec4 1, 0, 1;
    %store/vec4 v000001532f5f33a0_0, 0, 1;
    %pushi/vec4 1, 0, 1;
    %store/vec4 v000001532f5dbe40_0, 0, 1;
    %delay 10000, 0;
    %vpi_call 2 29 "$finish" {0 0 0};
    %end;
    .thread T_0;
# The file index is used to find the file name in the following table.
:file_names 3;
    "N/A";
    "<interactive>";
    "logicgate2_and.v";
